Starting project at /app
Starting Metro Bundler
warning: Bundler cache is empty, rebuilding (this may take a minute)
The following packages should be updated for best compatibility with the installed expo version:
  expo@54.0.25 - expected version: ~54.0.28
  expo-av@16.0.7 - expected version: ~16.0.8
  expo-document-picker@14.0.7 - expected version: ~14.0.8
  expo-file-system@19.0.19 - expected version: ~19.0.20
  expo-speech@14.0.7 - expected version: ~14.0.8
  expo-status-bar@3.0.8 - expected version: ~3.0.9
  react-native-reanimated@4.2.0 - expected version: ~4.1.1
Your project may not work correctly until you install the expected versions of the packages.
Waiting on http://localhost:8081
Logs for your project will appear below.
Web ./index.ts ░░░░░░░░░░░░░░░░  0.0% (0/1)
Web ./index.ts ▓▓▓▓▓▓▓▓▓░░░░░░░ 60.7% ( 90/122)
Web ./index.ts ▓▓▓▓▓▓▓▓▓▓░░░░░░ 62.6% (369/530)
Web ./index.ts ▓▓▓▓▓▓▓▓▓▓▓░░░░░ 70.6% (667/794)
Web Bundled 13837ms index.ts (972 modules)
 LOG  [web] Logs will appear in the browser console
